<?xml version="1.0" encoding="UTF-8"?>
<testsuite name="com.ubs.opsit.clock.BerlinClockTest" tests="2" skipped="0" failures="0" errors="0" timestamp="2017-08-04T01:15:37" hostname="DELL" time="0.382">
  <properties/>
  <testcase name="testComposeBerlinCLock" classname="com.ubs.opsit.clock.BerlinClockTest" time="0.381"/>
  <testcase name="testSetLocalTime" classname="com.ubs.opsit.clock.BerlinClockTest" time="0.001"/>
  <system-out><![CDATA[]]></system-out>
  <system-err><![CDATA[]]></system-err>
</testsuite>
