<?xml version="1.0" encoding="UTF-8"?>
<testsuite name="com.ubs.opsit.utilities.ValidationsTest" tests="2" skipped="0" failures="0" errors="0" timestamp="2017-08-04T01:15:44" hostname="DELL" time="0.023">
  <properties/>
  <testcase name="testValidValidations" classname="com.ubs.opsit.utilities.ValidationsTest" time="0.022"/>
  <testcase name="testInvalidValidations" classname="com.ubs.opsit.utilities.ValidationsTest" time="0.001"/>
  <system-out><![CDATA[]]></system-out>
  <system-err><![CDATA[]]></system-err>
</testsuite>
